<?xml version="1.0" encoding="UTF-8"?>
<testng-results ignored="0" total="3" passed="3" failed="0" skipped="0">
  <reporter-output>
  </reporter-output>
  <suite started-at="2022-09-30T09:04:43 IST" name="Default suite" finished-at="2022-09-30T09:05:05 IST" duration-ms="22533">
    <groups>
    </groups>
    <test started-at="2022-09-30T09:04:43 IST" name="Default test" finished-at="2022-09-30T09:05:05 IST" duration-ms="22533">
      <class name="tests.TestClasses">
        <test-method signature="dataGeneration()[pri:0, instance:tests.TestClasses@1e1d3956]" started-at="2022-09-30T09:04:43 IST" name="dataGeneration" finished-at="2022-09-30T09:05:02 IST" duration-ms="19380" status="PASS">
          <reporter-output>
          </reporter-output>
        </test-method> <!-- dataGeneration -->
        <test-method signature="devPortalTest()[pri:0, instance:tests.TestClasses@1e1d3956]" started-at="2022-09-30T09:05:02 IST" name="devPortalTest" finished-at="2022-09-30T09:05:04 IST" duration-ms="1588" status="PASS">
          <reporter-output>
          </reporter-output>
        </test-method> <!-- devPortalTest -->
        <test-method signature="validateDataAPIM_3_2()[pri:0, instance:tests.TestClasses@1e1d3956]" started-at="2022-09-30T09:05:04 IST" name="validateDataAPIM_3_2" finished-at="2022-09-30T09:05:05 IST" duration-ms="1522" status="PASS">
          <reporter-output>
          </reporter-output>
        </test-method> <!-- validateDataAPIM_3_2 -->
      </class> <!-- tests.TestClasses -->
    </test> <!-- Default test -->
  </suite> <!-- Default suite -->
</testng-results>
