<?xml version="1.0" encoding="UTF-8"?>
<testng-results ignored="0" total="2" passed="2" failed="0" skipped="0">
  <reporter-output>
  </reporter-output>
  <suite started-at="2022-10-18T11:04:43 IST" name="CreateData" finished-at="2022-10-18T11:04:44 IST" duration-ms="661">
    <groups>
    </groups>
    <test started-at="2022-10-18T11:04:43 IST" name="DataPopulations" finished-at="2022-10-18T11:04:44 IST" duration-ms="661">
      <class name="tests.DataPopulations">
        <test-method is-config="true" signature="initiaization(java.lang.String,int)[pri:0, instance:tests.DataPopulations@2611b9a3]" started-at="2022-10-18T11:04:41 IST" name="initiaization" finished-at="2022-10-18T11:04:43 IST" duration-ms="1798" status="PASS">
          <params>
            <param index="0">
              <value>
                <![CDATA[https://localhost:9443/]]>
              </value>
            </param>
            <param index="1">
              <value>
                <![CDATA[2]]>
              </value>
            </param>
          </params>
          <reporter-output>
          </reporter-output>
        </test-method> <!-- initiaization -->
        <test-method signature="remoteUserStore(java.lang.String,java.lang.String,java.lang.String)[pri:0, instance:tests.DataPopulations@2611b9a3]" started-at="2022-10-18T11:04:43 IST" name="remoteUserStore" finished-at="2022-10-18T11:04:43 IST" duration-ms="250" status="PASS">
          <params>
            <param index="0">
              <value>
                <![CDATA[authenticateRequest.xml]]>
              </value>
            </param>
            <param index="1">
              <value>
                <![CDATA[addRoleRequest_Creator.xml]]>
              </value>
            </param>
            <param index="2">
              <value>
                <![CDATA[addUserRequest_Creator.xml]]>
              </value>
            </param>
          </params>
          <reporter-output>
          </reporter-output>
        </test-method> <!-- remoteUserStore -->
        <test-method signature="tenantsManagement(java.lang.String,java.lang.String,java.lang.String,java.lang.String,java.lang.String)[pri:0, instance:tests.DataPopulations@2611b9a3]" started-at="2022-10-18T11:04:43 IST" name="tenantsManagement" finished-at="2022-10-18T11:04:44 IST" duration-ms="374" status="PASS">
          <params>
            <param index="0">
              <value>
                <![CDATA[request.xml]]>
              </value>
            </param>
            <param index="1">
              <value>
                <![CDATA[deactivateTenantSoapRequest.xml]]>
              </value>
            </param>
            <param index="2">
              <value>
                <![CDATA[retrieveTenantsRequest.xml]]>
              </value>
            </param>
            <param index="3">
              <value>
                <![CDATA[checkDomainAvailabilityRequest.xml]]>
              </value>
            </param>
            <param index="4">
              <value>
                <![CDATA[deleteTenantSoapRequest.xml]]>
              </value>
            </param>
          </params>
          <reporter-output>
          </reporter-output>
        </test-method> <!-- tenantsManagement -->
      </class> <!-- tests.DataPopulations -->
    </test> <!-- DataPopulations -->
  </suite> <!-- CreateData -->
</testng-results>
