<?xml version="1.0" encoding="UTF-8"?>
<!-- Generated by org.testng.reporters.JUnitXMLReporter -->
<testsuite ignored="2" hostname="kavindudi" failures="0" tests="1" name="Default test" time="2.27" errors="0" timestamp="2022-09-26T16:05:33 IST">
  <testcase classname="tests.TestClasses" name="devPortalTest" time="2.229"/>
  <testcase classname="tests.TestClasses" name="dataGeneration" time="0.0">
    <ignored/>
  </testcase> <!-- dataGeneration -->
  <testcase classname="tests.TestClasses" name="validateDataAPIM_3_2" time="0.0">
    <ignored/>
  </testcase> <!-- validateDataAPIM_3_2 -->
</testsuite> <!-- Default test -->
